Started GET "/" for 172.18.0.1 at 2024-12-05 16:39:48 +0000
Cannot render console from 172.18.0.1! Allowed networks: 127.0.0.0/127.255.255.255, ::1
  
ActiveRecord::DatabaseConnectionError (There is an issue connecting with your hostname: db.

Please check your database configuration and ensure there is a valid connection to your database.
)
Caused by: Mysql2::Error::ConnectionError (Unknown server host 'db' (-2))

Information for: ActiveRecord::DatabaseConnectionError (There is an issue connecting with your hostname: db.

Please check your database configuration and ensure there is a valid connection to your database.
):
  
activerecord (8.0.0) lib/active_record/connection_adapters/mysql2_adapter.rb:33:in `rescue in new_client'
activerecord (8.0.0) lib/active_record/connection_adapters/mysql2_adapter.rb:24:in `new_client'
activerecord (8.0.0) lib/active_record/connection_adapters/mysql2_adapter.rb:138:in `connect'
activerecord (8.0.0) lib/active_record/connection_adapters/mysql2_adapter.rb:147:in `block in reconnect'
activesupport (8.0.0) lib/active_support/concurrency/null_lock.rb:9:in `synchronize'
activerecord (8.0.0) lib/active_record/connection_adapters/mysql2_adapter.rb:144:in `reconnect'
activerecord (8.0.0) lib/active_record/connection_adapters/abstract_adapter.rb:669:in `block in reconnect!'
activesupport (8.0.0) lib/active_support/concurrency/null_lock.rb:9:in `synchronize'
activerecord (8.0.0) lib/active_record/connection_adapters/abstract_adapter.rb:668:in `reconnect!'
activerecord (8.0.0) lib/active_record/connection_adapters/abstract_adapter.rb:770:in `block in verify!'
activesupport (8.0.0) lib/active_support/concurrency/null_lock.rb:9:in `synchronize'
activerecord (8.0.0) lib/active_record/connection_adapters/abstract_adapter.rb:761:in `verify!'
activerecord (8.0.0) lib/active_record/connection_adapters/abstract_adapter.rb:778:in `connect!'
activerecord (8.0.0) lib/active_record/connection_adapters/abstract_adapter.rb:984:in `block in with_raw_connection'
activesupport (8.0.0) lib/active_support/concurrency/null_lock.rb:9:in `synchronize'
activerecord (8.0.0) lib/active_record/connection_adapters/abstract_adapter.rb:983:in `with_raw_connection'
activerecord (8.0.0) lib/active_record/connection_adapters/abstract_mysql_adapter.rb:686:in `quote_string'
activerecord (8.0.0) lib/active_record/connection_adapters/abstract/quoting.rb:76:in `quote'
activerecord (8.0.0) lib/active_record/connection_adapters/mysql/schema_statements.rb:253:in `quoted_scope'
activerecord (8.0.0) lib/active_record/connection_adapters/mysql/schema_statements.rb:235:in `data_source_sql'
activerecord (8.0.0) lib/active_record/connection_adapters/abstract/schema_statements.rb:60:in `table_exists?'
activerecord (8.0.0) lib/active_record/schema_migration.rb:55:in `block in create_table'
activerecord (8.0.0) lib/active_record/connection_adapters/abstract/connection_pool.rb:412:in `with_connection'
activerecord (8.0.0) lib/active_record/schema_migration.rb:54:in `create_table'
activerecord (8.0.0) lib/active_record/migration.rb:1431:in `initialize'
activerecord (8.0.0) lib/active_record/migration.rb:1279:in `new'
activerecord (8.0.0) lib/active_record/migration.rb:1279:in `open'
activerecord (8.0.0) lib/active_record/migration.rb:763:in `block (2 levels) in pending_migrations'
activerecord (8.0.0) lib/active_record/migration/pending_migration_connection.rb:8:in `with_temporary_pool'
activerecord (8.0.0) lib/active_record/migration.rb:762:in `block in pending_migrations'
activerecord (8.0.0) lib/active_record/migration.rb:761:in `each'
activerecord (8.0.0) lib/active_record/migration.rb:761:in `pending_migrations'
activerecord (8.0.0) lib/active_record/migration.rb:740:in `check_pending_migrations'
activerecord (8.0.0) lib/active_record/migration.rb:660:in `block (2 levels) in call'
activesupport (8.0.0) lib/active_support/file_update_checker.rb:85:in `execute'
activerecord (8.0.0) lib/active_record/migration.rb:665:in `block in call'
activerecord (8.0.0) lib/active_record/migration.rb:657:in `synchronize'
activerecord (8.0.0) lib/active_record/migration.rb:657:in `call'
actionpack (8.0.0) lib/action_dispatch/middleware/callbacks.rb:31:in `block in call'
activesupport (8.0.0) lib/active_support/callbacks.rb:100:in `run_callbacks'
actionpack (8.0.0) lib/action_dispatch/middleware/callbacks.rb:30:in `call'
actionpack (8.0.0) lib/action_dispatch/middleware/executor.rb:16:in `call'
actionpack (8.0.0) lib/action_dispatch/middleware/actionable_exceptions.rb:18:in `call'
actionpack (8.0.0) lib/action_dispatch/middleware/debug_exceptions.rb:31:in `call'
web-console (4.2.1) lib/web_console/middleware.rb:132:in `call_app'
web-console (4.2.1) lib/web_console/middleware.rb:19:in `block in call'
web-console (4.2.1) lib/web_console/middleware.rb:17:in `catch'
web-console (4.2.1) lib/web_console/middleware.rb:17:in `call'
actionpack (8.0.0) lib/action_dispatch/middleware/show_exceptions.rb:32:in `call'
railties (8.0.0) lib/rails/rack/logger.rb:41:in `call_app'
railties (8.0.0) lib/rails/rack/logger.rb:29:in `call'
actionpack (8.0.0) lib/action_dispatch/middleware/remote_ip.rb:96:in `call'
actionpack (8.0.0) lib/action_dispatch/middleware/request_id.rb:34:in `call'
rack (3.1.8) lib/rack/method_override.rb:28:in `call'
rack (3.1.8) lib/rack/runtime.rb:24:in `call'
actionpack (8.0.0) lib/action_dispatch/middleware/server_timing.rb:61:in `block in call'
actionpack (8.0.0) lib/action_dispatch/middleware/server_timing.rb:26:in `collect_events'
actionpack (8.0.0) lib/action_dispatch/middleware/server_timing.rb:60:in `call'
actionpack (8.0.0) lib/action_dispatch/middleware/executor.rb:16:in `call'
actionpack (8.0.0) lib/action_dispatch/middleware/static.rb:27:in `call'
rack (3.1.8) lib/rack/sendfile.rb:114:in `call'
actionpack (8.0.0) lib/action_dispatch/middleware/host_authorization.rb:143:in `call'
railties (8.0.0) lib/rails/engine.rb:535:in `call'
puma (6.5.0) lib/puma/configuration.rb:279:in `call'
puma (6.5.0) lib/puma/request.rb:99:in `block in handle_request'
puma (6.5.0) lib/puma/thread_pool.rb:389:in `with_force_shutdown'
puma (6.5.0) lib/puma/request.rb:98:in `handle_request'
puma (6.5.0) lib/puma/server.rb:468:in `process_client'
puma (6.5.0) lib/puma/server.rb:249:in `block in run'
puma (6.5.0) lib/puma/thread_pool.rb:166:in `block in spawn_thread'

Information for cause: Mysql2::Error::ConnectionError (Unknown server host 'db' (-2)):
  
mysql2 (0.5.6) lib/mysql2/client.rb:97:in `connect'
mysql2 (0.5.6) lib/mysql2/client.rb:97:in `initialize'
activerecord (8.0.0) lib/active_record/connection_adapters/mysql2_adapter.rb:25:in `new'
activerecord (8.0.0) lib/active_record/connection_adapters/mysql2_adapter.rb:25:in `new_client'
activerecord (8.0.0) lib/active_record/connection_adapters/mysql2_adapter.rb:138:in `connect'
activerecord (8.0.0) lib/active_record/connection_adapters/mysql2_adapter.rb:147:in `block in reconnect'
activesupport (8.0.0) lib/active_support/concurrency/null_lock.rb:9:in `synchronize'
activerecord (8.0.0) lib/active_record/connection_adapters/mysql2_adapter.rb:144:in `reconnect'
activerecord (8.0.0) lib/active_record/connection_adapters/abstract_adapter.rb:669:in `block in reconnect!'
activesupport (8.0.0) lib/active_support/concurrency/null_lock.rb:9:in `synchronize'
activerecord (8.0.0) lib/active_record/connection_adapters/abstract_adapter.rb:668:in `reconnect!'
activerecord (8.0.0) lib/active_record/connection_adapters/abstract_adapter.rb:770:in `block in verify!'
activesupport (8.0.0) lib/active_support/concurrency/null_lock.rb:9:in `synchronize'
activerecord (8.0.0) lib/active_record/connection_adapters/abstract_adapter.rb:761:in `verify!'
activerecord (8.0.0) lib/active_record/connection_adapters/abstract_adapter.rb:778:in `connect!'
activerecord (8.0.0) lib/active_record/connection_adapters/abstract_adapter.rb:984:in `block in with_raw_connection'
activesupport (8.0.0) lib/active_support/concurrency/null_lock.rb:9:in `synchronize'
activerecord (8.0.0) lib/active_record/connection_adapters/abstract_adapter.rb:983:in `with_raw_connection'
activerecord (8.0.0) lib/active_record/connection_adapters/abstract_mysql_adapter.rb:686:in `quote_string'
activerecord (8.0.0) lib/active_record/connection_adapters/abstract/quoting.rb:76:in `quote'
activerecord (8.0.0) lib/active_record/connection_adapters/mysql/schema_statements.rb:253:in `quoted_scope'
activerecord (8.0.0) lib/active_record/connection_adapters/mysql/schema_statements.rb:235:in `data_source_sql'
activerecord (8.0.0) lib/active_record/connection_adapters/abstract/schema_statements.rb:60:in `table_exists?'
activerecord (8.0.0) lib/active_record/schema_migration.rb:55:in `block in create_table'
activerecord (8.0.0) lib/active_record/connection_adapters/abstract/connection_pool.rb:412:in `with_connection'
activerecord (8.0.0) lib/active_record/schema_migration.rb:54:in `create_table'
activerecord (8.0.0) lib/active_record/migration.rb:1431:in `initialize'
activerecord (8.0.0) lib/active_record/migration.rb:1279:in `new'
activerecord (8.0.0) lib/active_record/migration.rb:1279:in `open'
activerecord (8.0.0) lib/active_record/migration.rb:763:in `block (2 levels) in pending_migrations'
activerecord (8.0.0) lib/active_record/migration/pending_migration_connection.rb:8:in `with_temporary_pool'
activerecord (8.0.0) lib/active_record/migration.rb:762:in `block in pending_migrations'
activerecord (8.0.0) lib/active_record/migration.rb:761:in `each'
activerecord (8.0.0) lib/active_record/migration.rb:761:in `pending_migrations'
activerecord (8.0.0) lib/active_record/migration.rb:740:in `check_pending_migrations'
activerecord (8.0.0) lib/active_record/migration.rb:660:in `block (2 levels) in call'
activesupport (8.0.0) lib/active_support/file_update_checker.rb:85:in `execute'
activerecord (8.0.0) lib/active_record/migration.rb:665:in `block in call'
activerecord (8.0.0) lib/active_record/migration.rb:657:in `synchronize'
activerecord (8.0.0) lib/active_record/migration.rb:657:in `call'
actionpack (8.0.0) lib/action_dispatch/middleware/callbacks.rb:31:in `block in call'
activesupport (8.0.0) lib/active_support/callbacks.rb:100:in `run_callbacks'
actionpack (8.0.0) lib/action_dispatch/middleware/callbacks.rb:30:in `call'
actionpack (8.0.0) lib/action_dispatch/middleware/executor.rb:16:in `call'
actionpack (8.0.0) lib/action_dispatch/middleware/actionable_exceptions.rb:18:in `call'
actionpack (8.0.0) lib/action_dispatch/middleware/debug_exceptions.rb:31:in `call'
web-console (4.2.1) lib/web_console/middleware.rb:132:in `call_app'
web-console (4.2.1) lib/web_console/middleware.rb:19:in `block in call'
web-console (4.2.1) lib/web_console/middleware.rb:17:in `catch'
web-console (4.2.1) lib/web_console/middleware.rb:17:in `call'
actionpack (8.0.0) lib/action_dispatch/middleware/show_exceptions.rb:32:in `call'
railties (8.0.0) lib/rails/rack/logger.rb:41:in `call_app'
railties (8.0.0) lib/rails/rack/logger.rb:29:in `call'
actionpack (8.0.0) lib/action_dispatch/middleware/remote_ip.rb:96:in `call'
actionpack (8.0.0) lib/action_dispatch/middleware/request_id.rb:34:in `call'
rack (3.1.8) lib/rack/method_override.rb:28:in `call'
rack (3.1.8) lib/rack/runtime.rb:24:in `call'
actionpack (8.0.0) lib/action_dispatch/middleware/server_timing.rb:61:in `block in call'
actionpack (8.0.0) lib/action_dispatch/middleware/server_timing.rb:26:in `collect_events'
actionpack (8.0.0) lib/action_dispatch/middleware/server_timing.rb:60:in `call'
actionpack (8.0.0) lib/action_dispatch/middleware/executor.rb:16:in `call'
actionpack (8.0.0) lib/action_dispatch/middleware/static.rb:27:in `call'
rack (3.1.8) lib/rack/sendfile.rb:114:in `call'
actionpack (8.0.0) lib/action_dispatch/middleware/host_authorization.rb:143:in `call'
railties (8.0.0) lib/rails/engine.rb:535:in `call'
puma (6.5.0) lib/puma/configuration.rb:279:in `call'
puma (6.5.0) lib/puma/request.rb:99:in `block in handle_request'
puma (6.5.0) lib/puma/thread_pool.rb:389:in `with_force_shutdown'
puma (6.5.0) lib/puma/request.rb:98:in `handle_request'
puma (6.5.0) lib/puma/server.rb:468:in `process_client'
puma (6.5.0) lib/puma/server.rb:249:in `block in run'
puma (6.5.0) lib/puma/thread_pool.rb:166:in `block in spawn_thread'
Started GET "/favicon.ico" for 172.18.0.1 at 2024-12-05 16:39:48 +0000
Cannot render console from 172.18.0.1! Allowed networks: 127.0.0.0/127.255.255.255, ::1
  
ActiveRecord::DatabaseConnectionError (There is an issue connecting with your hostname: db.

Please check your database configuration and ensure there is a valid connection to your database.
)
Caused by: Mysql2::Error::ConnectionError (Unknown server host 'db' (-2))

Information for: ActiveRecord::DatabaseConnectionError (There is an issue connecting with your hostname: db.

Please check your database configuration and ensure there is a valid connection to your database.
):
  
activerecord (8.0.0) lib/active_record/connection_adapters/mysql2_adapter.rb:33:in `rescue in new_client'
activerecord (8.0.0) lib/active_record/connection_adapters/mysql2_adapter.rb:24:in `new_client'
activerecord (8.0.0) lib/active_record/connection_adapters/mysql2_adapter.rb:138:in `connect'
activerecord (8.0.0) lib/active_record/connection_adapters/mysql2_adapter.rb:147:in `block in reconnect'
activesupport (8.0.0) lib/active_support/concurrency/null_lock.rb:9:in `synchronize'
activerecord (8.0.0) lib/active_record/connection_adapters/mysql2_adapter.rb:144:in `reconnect'
activerecord (8.0.0) lib/active_record/connection_adapters/abstract_adapter.rb:669:in `block in reconnect!'
activesupport (8.0.0) lib/active_support/concurrency/null_lock.rb:9:in `synchronize'
activerecord (8.0.0) lib/active_record/connection_adapters/abstract_adapter.rb:668:in `reconnect!'
activerecord (8.0.0) lib/active_record/connection_adapters/abstract_adapter.rb:770:in `block in verify!'
activesupport (8.0.0) lib/active_support/concurrency/null_lock.rb:9:in `synchronize'
activerecord (8.0.0) lib/active_record/connection_adapters/abstract_adapter.rb:761:in `verify!'
activerecord (8.0.0) lib/active_record/connection_adapters/abstract_adapter.rb:778:in `connect!'
activerecord (8.0.0) lib/active_record/connection_adapters/abstract_adapter.rb:984:in `block in with_raw_connection'
activesupport (8.0.0) lib/active_support/concurrency/null_lock.rb:9:in `synchronize'
activerecord (8.0.0) lib/active_record/connection_adapters/abstract_adapter.rb:983:in `with_raw_connection'
activerecord (8.0.0) lib/active_record/connection_adapters/abstract_mysql_adapter.rb:686:in `quote_string'
activerecord (8.0.0) lib/active_record/connection_adapters/abstract/quoting.rb:76:in `quote'
activerecord (8.0.0) lib/active_record/connection_adapters/mysql/schema_statements.rb:253:in `quoted_scope'
activerecord (8.0.0) lib/active_record/connection_adapters/mysql/schema_statements.rb:235:in `data_source_sql'
activerecord (8.0.0) lib/active_record/connection_adapters/abstract/schema_statements.rb:60:in `table_exists?'
activerecord (8.0.0) lib/active_record/schema_migration.rb:55:in `block in create_table'
activerecord (8.0.0) lib/active_record/connection_adapters/abstract/connection_pool.rb:412:in `with_connection'
activerecord (8.0.0) lib/active_record/schema_migration.rb:54:in `create_table'
activerecord (8.0.0) lib/active_record/migration.rb:1431:in `initialize'
activerecord (8.0.0) lib/active_record/migration.rb:1279:in `new'
activerecord (8.0.0) lib/active_record/migration.rb:1279:in `open'
activerecord (8.0.0) lib/active_record/migration.rb:763:in `block (2 levels) in pending_migrations'
activerecord (8.0.0) lib/active_record/migration/pending_migration_connection.rb:8:in `with_temporary_pool'
activerecord (8.0.0) lib/active_record/migration.rb:762:in `block in pending_migrations'
activerecord (8.0.0) lib/active_record/migration.rb:761:in `each'
activerecord (8.0.0) lib/active_record/migration.rb:761:in `pending_migrations'
activerecord (8.0.0) lib/active_record/migration.rb:740:in `check_pending_migrations'
activerecord (8.0.0) lib/active_record/migration.rb:660:in `block (2 levels) in call'
activesupport (8.0.0) lib/active_support/file_update_checker.rb:85:in `execute'
activerecord (8.0.0) lib/active_record/migration.rb:665:in `block in call'
activerecord (8.0.0) lib/active_record/migration.rb:657:in `synchronize'
activerecord (8.0.0) lib/active_record/migration.rb:657:in `call'
actionpack (8.0.0) lib/action_dispatch/middleware/callbacks.rb:31:in `block in call'
activesupport (8.0.0) lib/active_support/callbacks.rb:100:in `run_callbacks'
actionpack (8.0.0) lib/action_dispatch/middleware/callbacks.rb:30:in `call'
actionpack (8.0.0) lib/action_dispatch/middleware/executor.rb:16:in `call'
actionpack (8.0.0) lib/action_dispatch/middleware/actionable_exceptions.rb:18:in `call'
actionpack (8.0.0) lib/action_dispatch/middleware/debug_exceptions.rb:31:in `call'
web-console (4.2.1) lib/web_console/middleware.rb:132:in `call_app'
web-console (4.2.1) lib/web_console/middleware.rb:19:in `block in call'
web-console (4.2.1) lib/web_console/middleware.rb:17:in `catch'
web-console (4.2.1) lib/web_console/middleware.rb:17:in `call'
actionpack (8.0.0) lib/action_dispatch/middleware/show_exceptions.rb:32:in `call'
railties (8.0.0) lib/rails/rack/logger.rb:41:in `call_app'
railties (8.0.0) lib/rails/rack/logger.rb:29:in `call'
actionpack (8.0.0) lib/action_dispatch/middleware/remote_ip.rb:96:in `call'
actionpack (8.0.0) lib/action_dispatch/middleware/request_id.rb:34:in `call'
rack (3.1.8) lib/rack/method_override.rb:28:in `call'
rack (3.1.8) lib/rack/runtime.rb:24:in `call'
actionpack (8.0.0) lib/action_dispatch/middleware/server_timing.rb:61:in `block in call'
actionpack (8.0.0) lib/action_dispatch/middleware/server_timing.rb:26:in `collect_events'
actionpack (8.0.0) lib/action_dispatch/middleware/server_timing.rb:60:in `call'
actionpack (8.0.0) lib/action_dispatch/middleware/executor.rb:16:in `call'
actionpack (8.0.0) lib/action_dispatch/middleware/static.rb:27:in `call'
rack (3.1.8) lib/rack/sendfile.rb:114:in `call'
actionpack (8.0.0) lib/action_dispatch/middleware/host_authorization.rb:143:in `call'
railties (8.0.0) lib/rails/engine.rb:535:in `call'
puma (6.5.0) lib/puma/configuration.rb:279:in `call'
puma (6.5.0) lib/puma/request.rb:99:in `block in handle_request'
puma (6.5.0) lib/puma/thread_pool.rb:389:in `with_force_shutdown'
puma (6.5.0) lib/puma/request.rb:98:in `handle_request'
puma (6.5.0) lib/puma/server.rb:468:in `process_client'
puma (6.5.0) lib/puma/server.rb:249:in `block in run'
puma (6.5.0) lib/puma/thread_pool.rb:166:in `block in spawn_thread'

Information for cause: Mysql2::Error::ConnectionError (Unknown server host 'db' (-2)):
  
mysql2 (0.5.6) lib/mysql2/client.rb:97:in `connect'
mysql2 (0.5.6) lib/mysql2/client.rb:97:in `initialize'
activerecord (8.0.0) lib/active_record/connection_adapters/mysql2_adapter.rb:25:in `new'
activerecord (8.0.0) lib/active_record/connection_adapters/mysql2_adapter.rb:25:in `new_client'
activerecord (8.0.0) lib/active_record/connection_adapters/mysql2_adapter.rb:138:in `connect'
activerecord (8.0.0) lib/active_record/connection_adapters/mysql2_adapter.rb:147:in `block in reconnect'
activesupport (8.0.0) lib/active_support/concurrency/null_lock.rb:9:in `synchronize'
activerecord (8.0.0) lib/active_record/connection_adapters/mysql2_adapter.rb:144:in `reconnect'
activerecord (8.0.0) lib/active_record/connection_adapters/abstract_adapter.rb:669:in `block in reconnect!'
activesupport (8.0.0) lib/active_support/concurrency/null_lock.rb:9:in `synchronize'
activerecord (8.0.0) lib/active_record/connection_adapters/abstract_adapter.rb:668:in `reconnect!'
activerecord (8.0.0) lib/active_record/connection_adapters/abstract_adapter.rb:770:in `block in verify!'
activesupport (8.0.0) lib/active_support/concurrency/null_lock.rb:9:in `synchronize'
activerecord (8.0.0) lib/active_record/connection_adapters/abstract_adapter.rb:761:in `verify!'
activerecord (8.0.0) lib/active_record/connection_adapters/abstract_adapter.rb:778:in `connect!'
activerecord (8.0.0) lib/active_record/connection_adapters/abstract_adapter.rb:984:in `block in with_raw_connection'
activesupport (8.0.0) lib/active_support/concurrency/null_lock.rb:9:in `synchronize'
activerecord (8.0.0) lib/active_record/connection_adapters/abstract_adapter.rb:983:in `with_raw_connection'
activerecord (8.0.0) lib/active_record/connection_adapters/abstract_mysql_adapter.rb:686:in `quote_string'
activerecord (8.0.0) lib/active_record/connection_adapters/abstract/quoting.rb:76:in `quote'
activerecord (8.0.0) lib/active_record/connection_adapters/mysql/schema_statements.rb:253:in `quoted_scope'
activerecord (8.0.0) lib/active_record/connection_adapters/mysql/schema_statements.rb:235:in `data_source_sql'
activerecord (8.0.0) lib/active_record/connection_adapters/abstract/schema_statements.rb:60:in `table_exists?'
activerecord (8.0.0) lib/active_record/schema_migration.rb:55:in `block in create_table'
activerecord (8.0.0) lib/active_record/connection_adapters/abstract/connection_pool.rb:412:in `with_connection'
activerecord (8.0.0) lib/active_record/schema_migration.rb:54:in `create_table'
activerecord (8.0.0) lib/active_record/migration.rb:1431:in `initialize'
activerecord (8.0.0) lib/active_record/migration.rb:1279:in `new'
activerecord (8.0.0) lib/active_record/migration.rb:1279:in `open'
activerecord (8.0.0) lib/active_record/migration.rb:763:in `block (2 levels) in pending_migrations'
activerecord (8.0.0) lib/active_record/migration/pending_migration_connection.rb:8:in `with_temporary_pool'
activerecord (8.0.0) lib/active_record/migration.rb:762:in `block in pending_migrations'
activerecord (8.0.0) lib/active_record/migration.rb:761:in `each'
activerecord (8.0.0) lib/active_record/migration.rb:761:in `pending_migrations'
activerecord (8.0.0) lib/active_record/migration.rb:740:in `check_pending_migrations'
activerecord (8.0.0) lib/active_record/migration.rb:660:in `block (2 levels) in call'
activesupport (8.0.0) lib/active_support/file_update_checker.rb:85:in `execute'
activerecord (8.0.0) lib/active_record/migration.rb:665:in `block in call'
activerecord (8.0.0) lib/active_record/migration.rb:657:in `synchronize'
activerecord (8.0.0) lib/active_record/migration.rb:657:in `call'
actionpack (8.0.0) lib/action_dispatch/middleware/callbacks.rb:31:in `block in call'
activesupport (8.0.0) lib/active_support/callbacks.rb:100:in `run_callbacks'
actionpack (8.0.0) lib/action_dispatch/middleware/callbacks.rb:30:in `call'
actionpack (8.0.0) lib/action_dispatch/middleware/executor.rb:16:in `call'
actionpack (8.0.0) lib/action_dispatch/middleware/actionable_exceptions.rb:18:in `call'
actionpack (8.0.0) lib/action_dispatch/middleware/debug_exceptions.rb:31:in `call'
web-console (4.2.1) lib/web_console/middleware.rb:132:in `call_app'
web-console (4.2.1) lib/web_console/middleware.rb:19:in `block in call'
web-console (4.2.1) lib/web_console/middleware.rb:17:in `catch'
web-console (4.2.1) lib/web_console/middleware.rb:17:in `call'
actionpack (8.0.0) lib/action_dispatch/middleware/show_exceptions.rb:32:in `call'
railties (8.0.0) lib/rails/rack/logger.rb:41:in `call_app'
railties (8.0.0) lib/rails/rack/logger.rb:29:in `call'
actionpack (8.0.0) lib/action_dispatch/middleware/remote_ip.rb:96:in `call'
actionpack (8.0.0) lib/action_dispatch/middleware/request_id.rb:34:in `call'
rack (3.1.8) lib/rack/method_override.rb:28:in `call'
rack (3.1.8) lib/rack/runtime.rb:24:in `call'
actionpack (8.0.0) lib/action_dispatch/middleware/server_timing.rb:61:in `block in call'
actionpack (8.0.0) lib/action_dispatch/middleware/server_timing.rb:26:in `collect_events'
actionpack (8.0.0) lib/action_dispatch/middleware/server_timing.rb:60:in `call'
actionpack (8.0.0) lib/action_dispatch/middleware/executor.rb:16:in `call'
actionpack (8.0.0) lib/action_dispatch/middleware/static.rb:27:in `call'
rack (3.1.8) lib/rack/sendfile.rb:114:in `call'
actionpack (8.0.0) lib/action_dispatch/middleware/host_authorization.rb:143:in `call'
railties (8.0.0) lib/rails/engine.rb:535:in `call'
puma (6.5.0) lib/puma/configuration.rb:279:in `call'
puma (6.5.0) lib/puma/request.rb:99:in `block in handle_request'
puma (6.5.0) lib/puma/thread_pool.rb:389:in `with_force_shutdown'
puma (6.5.0) lib/puma/request.rb:98:in `handle_request'
puma (6.5.0) lib/puma/server.rb:468:in `process_client'
puma (6.5.0) lib/puma/server.rb:249:in `block in run'
puma (6.5.0) lib/puma/thread_pool.rb:166:in `block in spawn_thread'
Started GET "/" for 172.18.0.1 at 2024-12-05 16:43:08 +0000
Cannot render console from 172.18.0.1! Allowed networks: 127.0.0.0/127.255.255.255, ::1
  
ActiveRecord::NoDatabaseError (We could not find your database: myapp_development. Available database configurations can be found in config/database.yml.

To resolve this error:

- Did you not create the database, or did you delete it? To create the database, run:

    bin/rails db:create

- Has the database name changed? Verify that config/database.yml contains the correct database name.
)
Caused by: Mysql2::Error (Unknown database 'myapp_development')

Information for: ActiveRecord::NoDatabaseError (We could not find your database: myapp_development. Available database configurations can be found in config/database.yml.

To resolve this error:

- Did you not create the database, or did you delete it? To create the database, run:

    bin/rails db:create

- Has the database name changed? Verify that config/database.yml contains the correct database name.
):
  
activerecord (8.0.0) lib/active_record/connection_adapters/mysql2_adapter.rb:29:in `rescue in new_client'
activerecord (8.0.0) lib/active_record/connection_adapters/mysql2_adapter.rb:24:in `new_client'
activerecord (8.0.0) lib/active_record/connection_adapters/mysql2_adapter.rb:138:in `connect'
activerecord (8.0.0) lib/active_record/connection_adapters/mysql2_adapter.rb:147:in `block in reconnect'
activesupport (8.0.0) lib/active_support/concurrency/null_lock.rb:9:in `synchronize'
activerecord (8.0.0) lib/active_record/connection_adapters/mysql2_adapter.rb:144:in `reconnect'
activerecord (8.0.0) lib/active_record/connection_adapters/abstract_adapter.rb:669:in `block in reconnect!'
activesupport (8.0.0) lib/active_support/concurrency/null_lock.rb:9:in `synchronize'
activerecord (8.0.0) lib/active_record/connection_adapters/abstract_adapter.rb:668:in `reconnect!'
activerecord (8.0.0) lib/active_record/connection_adapters/abstract_adapter.rb:770:in `block in verify!'
activesupport (8.0.0) lib/active_support/concurrency/null_lock.rb:9:in `synchronize'
activerecord (8.0.0) lib/active_record/connection_adapters/abstract_adapter.rb:761:in `verify!'
activerecord (8.0.0) lib/active_record/connection_adapters/abstract_adapter.rb:778:in `connect!'
activerecord (8.0.0) lib/active_record/connection_adapters/abstract_adapter.rb:984:in `block in with_raw_connection'
activesupport (8.0.0) lib/active_support/concurrency/null_lock.rb:9:in `synchronize'
activerecord (8.0.0) lib/active_record/connection_adapters/abstract_adapter.rb:983:in `with_raw_connection'
activerecord (8.0.0) lib/active_record/connection_adapters/abstract_mysql_adapter.rb:686:in `quote_string'
activerecord (8.0.0) lib/active_record/connection_adapters/abstract/quoting.rb:76:in `quote'
activerecord (8.0.0) lib/active_record/connection_adapters/mysql/schema_statements.rb:253:in `quoted_scope'
activerecord (8.0.0) lib/active_record/connection_adapters/mysql/schema_statements.rb:235:in `data_source_sql'
activerecord (8.0.0) lib/active_record/connection_adapters/abstract/schema_statements.rb:60:in `table_exists?'
activerecord (8.0.0) lib/active_record/schema_migration.rb:55:in `block in create_table'
activerecord (8.0.0) lib/active_record/connection_adapters/abstract/connection_pool.rb:412:in `with_connection'
activerecord (8.0.0) lib/active_record/schema_migration.rb:54:in `create_table'
activerecord (8.0.0) lib/active_record/migration.rb:1431:in `initialize'
activerecord (8.0.0) lib/active_record/migration.rb:1279:in `new'
activerecord (8.0.0) lib/active_record/migration.rb:1279:in `open'
activerecord (8.0.0) lib/active_record/migration.rb:763:in `block (2 levels) in pending_migrations'
activerecord (8.0.0) lib/active_record/migration/pending_migration_connection.rb:8:in `with_temporary_pool'
activerecord (8.0.0) lib/active_record/migration.rb:762:in `block in pending_migrations'
activerecord (8.0.0) lib/active_record/migration.rb:761:in `each'
activerecord (8.0.0) lib/active_record/migration.rb:761:in `pending_migrations'
activerecord (8.0.0) lib/active_record/migration.rb:740:in `check_pending_migrations'
activerecord (8.0.0) lib/active_record/migration.rb:660:in `block (2 levels) in call'
activesupport (8.0.0) lib/active_support/file_update_checker.rb:85:in `execute'
activerecord (8.0.0) lib/active_record/migration.rb:665:in `block in call'
activerecord (8.0.0) lib/active_record/migration.rb:657:in `synchronize'
activerecord (8.0.0) lib/active_record/migration.rb:657:in `call'
actionpack (8.0.0) lib/action_dispatch/middleware/callbacks.rb:31:in `block in call'
activesupport (8.0.0) lib/active_support/callbacks.rb:100:in `run_callbacks'
actionpack (8.0.0) lib/action_dispatch/middleware/callbacks.rb:30:in `call'
actionpack (8.0.0) lib/action_dispatch/middleware/executor.rb:16:in `call'
actionpack (8.0.0) lib/action_dispatch/middleware/actionable_exceptions.rb:18:in `call'
actionpack (8.0.0) lib/action_dispatch/middleware/debug_exceptions.rb:31:in `call'
web-console (4.2.1) lib/web_console/middleware.rb:132:in `call_app'
web-console (4.2.1) lib/web_console/middleware.rb:19:in `block in call'
web-console (4.2.1) lib/web_console/middleware.rb:17:in `catch'
web-console (4.2.1) lib/web_console/middleware.rb:17:in `call'
actionpack (8.0.0) lib/action_dispatch/middleware/show_exceptions.rb:32:in `call'
railties (8.0.0) lib/rails/rack/logger.rb:41:in `call_app'
railties (8.0.0) lib/rails/rack/logger.rb:29:in `call'
actionpack (8.0.0) lib/action_dispatch/middleware/remote_ip.rb:96:in `call'
actionpack (8.0.0) lib/action_dispatch/middleware/request_id.rb:34:in `call'
rack (3.1.8) lib/rack/method_override.rb:28:in `call'
rack (3.1.8) lib/rack/runtime.rb:24:in `call'
actionpack (8.0.0) lib/action_dispatch/middleware/server_timing.rb:61:in `block in call'
actionpack (8.0.0) lib/action_dispatch/middleware/server_timing.rb:26:in `collect_events'
actionpack (8.0.0) lib/action_dispatch/middleware/server_timing.rb:60:in `call'
actionpack (8.0.0) lib/action_dispatch/middleware/executor.rb:16:in `call'
actionpack (8.0.0) lib/action_dispatch/middleware/static.rb:27:in `call'
rack (3.1.8) lib/rack/sendfile.rb:114:in `call'
actionpack (8.0.0) lib/action_dispatch/middleware/host_authorization.rb:143:in `call'
railties (8.0.0) lib/rails/engine.rb:535:in `call'
puma (6.5.0) lib/puma/configuration.rb:279:in `call'
puma (6.5.0) lib/puma/request.rb:99:in `block in handle_request'
puma (6.5.0) lib/puma/thread_pool.rb:389:in `with_force_shutdown'
puma (6.5.0) lib/puma/request.rb:98:in `handle_request'
puma (6.5.0) lib/puma/server.rb:468:in `process_client'
puma (6.5.0) lib/puma/server.rb:249:in `block in run'
puma (6.5.0) lib/puma/thread_pool.rb:166:in `block in spawn_thread'

Information for cause: Mysql2::Error (Unknown database 'myapp_development'):
  
mysql2 (0.5.6) lib/mysql2/client.rb:97:in `connect'
mysql2 (0.5.6) lib/mysql2/client.rb:97:in `initialize'
activerecord (8.0.0) lib/active_record/connection_adapters/mysql2_adapter.rb:25:in `new'
activerecord (8.0.0) lib/active_record/connection_adapters/mysql2_adapter.rb:25:in `new_client'
activerecord (8.0.0) lib/active_record/connection_adapters/mysql2_adapter.rb:138:in `connect'
activerecord (8.0.0) lib/active_record/connection_adapters/mysql2_adapter.rb:147:in `block in reconnect'
activesupport (8.0.0) lib/active_support/concurrency/null_lock.rb:9:in `synchronize'
activerecord (8.0.0) lib/active_record/connection_adapters/mysql2_adapter.rb:144:in `reconnect'
activerecord (8.0.0) lib/active_record/connection_adapters/abstract_adapter.rb:669:in `block in reconnect!'
activesupport (8.0.0) lib/active_support/concurrency/null_lock.rb:9:in `synchronize'
activerecord (8.0.0) lib/active_record/connection_adapters/abstract_adapter.rb:668:in `reconnect!'
activerecord (8.0.0) lib/active_record/connection_adapters/abstract_adapter.rb:770:in `block in verify!'
activesupport (8.0.0) lib/active_support/concurrency/null_lock.rb:9:in `synchronize'
activerecord (8.0.0) lib/active_record/connection_adapters/abstract_adapter.rb:761:in `verify!'
activerecord (8.0.0) lib/active_record/connection_adapters/abstract_adapter.rb:778:in `connect!'
activerecord (8.0.0) lib/active_record/connection_adapters/abstract_adapter.rb:984:in `block in with_raw_connection'
activesupport (8.0.0) lib/active_support/concurrency/null_lock.rb:9:in `synchronize'
activerecord (8.0.0) lib/active_record/connection_adapters/abstract_adapter.rb:983:in `with_raw_connection'
activerecord (8.0.0) lib/active_record/connection_adapters/abstract_mysql_adapter.rb:686:in `quote_string'
activerecord (8.0.0) lib/active_record/connection_adapters/abstract/quoting.rb:76:in `quote'
activerecord (8.0.0) lib/active_record/connection_adapters/mysql/schema_statements.rb:253:in `quoted_scope'
activerecord (8.0.0) lib/active_record/connection_adapters/mysql/schema_statements.rb:235:in `data_source_sql'
activerecord (8.0.0) lib/active_record/connection_adapters/abstract/schema_statements.rb:60:in `table_exists?'
activerecord (8.0.0) lib/active_record/schema_migration.rb:55:in `block in create_table'
activerecord (8.0.0) lib/active_record/connection_adapters/abstract/connection_pool.rb:412:in `with_connection'
activerecord (8.0.0) lib/active_record/schema_migration.rb:54:in `create_table'
activerecord (8.0.0) lib/active_record/migration.rb:1431:in `initialize'
activerecord (8.0.0) lib/active_record/migration.rb:1279:in `new'
activerecord (8.0.0) lib/active_record/migration.rb:1279:in `open'
activerecord (8.0.0) lib/active_record/migration.rb:763:in `block (2 levels) in pending_migrations'
activerecord (8.0.0) lib/active_record/migration/pending_migration_connection.rb:8:in `with_temporary_pool'
activerecord (8.0.0) lib/active_record/migration.rb:762:in `block in pending_migrations'
activerecord (8.0.0) lib/active_record/migration.rb:761:in `each'
activerecord (8.0.0) lib/active_record/migration.rb:761:in `pending_migrations'
activerecord (8.0.0) lib/active_record/migration.rb:740:in `check_pending_migrations'
activerecord (8.0.0) lib/active_record/migration.rb:660:in `block (2 levels) in call'
activesupport (8.0.0) lib/active_support/file_update_checker.rb:85:in `execute'
activerecord (8.0.0) lib/active_record/migration.rb:665:in `block in call'
activerecord (8.0.0) lib/active_record/migration.rb:657:in `synchronize'
activerecord (8.0.0) lib/active_record/migration.rb:657:in `call'
actionpack (8.0.0) lib/action_dispatch/middleware/callbacks.rb:31:in `block in call'
activesupport (8.0.0) lib/active_support/callbacks.rb:100:in `run_callbacks'
actionpack (8.0.0) lib/action_dispatch/middleware/callbacks.rb:30:in `call'
actionpack (8.0.0) lib/action_dispatch/middleware/executor.rb:16:in `call'
actionpack (8.0.0) lib/action_dispatch/middleware/actionable_exceptions.rb:18:in `call'
actionpack (8.0.0) lib/action_dispatch/middleware/debug_exceptions.rb:31:in `call'
web-console (4.2.1) lib/web_console/middleware.rb:132:in `call_app'
web-console (4.2.1) lib/web_console/middleware.rb:19:in `block in call'
web-console (4.2.1) lib/web_console/middleware.rb:17:in `catch'
web-console (4.2.1) lib/web_console/middleware.rb:17:in `call'
actionpack (8.0.0) lib/action_dispatch/middleware/show_exceptions.rb:32:in `call'
railties (8.0.0) lib/rails/rack/logger.rb:41:in `call_app'
railties (8.0.0) lib/rails/rack/logger.rb:29:in `call'
actionpack (8.0.0) lib/action_dispatch/middleware/remote_ip.rb:96:in `call'
actionpack (8.0.0) lib/action_dispatch/middleware/request_id.rb:34:in `call'
rack (3.1.8) lib/rack/method_override.rb:28:in `call'
rack (3.1.8) lib/rack/runtime.rb:24:in `call'
actionpack (8.0.0) lib/action_dispatch/middleware/server_timing.rb:61:in `block in call'
actionpack (8.0.0) lib/action_dispatch/middleware/server_timing.rb:26:in `collect_events'
actionpack (8.0.0) lib/action_dispatch/middleware/server_timing.rb:60:in `call'
actionpack (8.0.0) lib/action_dispatch/middleware/executor.rb:16:in `call'
actionpack (8.0.0) lib/action_dispatch/middleware/static.rb:27:in `call'
rack (3.1.8) lib/rack/sendfile.rb:114:in `call'
actionpack (8.0.0) lib/action_dispatch/middleware/host_authorization.rb:143:in `call'
railties (8.0.0) lib/rails/engine.rb:535:in `call'
puma (6.5.0) lib/puma/configuration.rb:279:in `call'
puma (6.5.0) lib/puma/request.rb:99:in `block in handle_request'
puma (6.5.0) lib/puma/thread_pool.rb:389:in `with_force_shutdown'
puma (6.5.0) lib/puma/request.rb:98:in `handle_request'
puma (6.5.0) lib/puma/server.rb:468:in `process_client'
puma (6.5.0) lib/puma/server.rb:249:in `block in run'
puma (6.5.0) lib/puma/thread_pool.rb:166:in `block in spawn_thread'
Started GET "/favicon.ico" for 172.18.0.1 at 2024-12-05 16:43:09 +0000
Cannot render console from 172.18.0.1! Allowed networks: 127.0.0.0/127.255.255.255, ::1
  
ActiveRecord::NoDatabaseError (We could not find your database: myapp_development. Available database configurations can be found in config/database.yml.

To resolve this error:

- Did you not create the database, or did you delete it? To create the database, run:

    bin/rails db:create

- Has the database name changed? Verify that config/database.yml contains the correct database name.
)
Caused by: Mysql2::Error (Unknown database 'myapp_development')

Information for: ActiveRecord::NoDatabaseError (We could not find your database: myapp_development. Available database configurations can be found in config/database.yml.

To resolve this error:

- Did you not create the database, or did you delete it? To create the database, run:

    bin/rails db:create

- Has the database name changed? Verify that config/database.yml contains the correct database name.
):
  
activerecord (8.0.0) lib/active_record/connection_adapters/mysql2_adapter.rb:29:in `rescue in new_client'
activerecord (8.0.0) lib/active_record/connection_adapters/mysql2_adapter.rb:24:in `new_client'
activerecord (8.0.0) lib/active_record/connection_adapters/mysql2_adapter.rb:138:in `connect'
activerecord (8.0.0) lib/active_record/connection_adapters/mysql2_adapter.rb:147:in `block in reconnect'
activesupport (8.0.0) lib/active_support/concurrency/null_lock.rb:9:in `synchronize'
activerecord (8.0.0) lib/active_record/connection_adapters/mysql2_adapter.rb:144:in `reconnect'
activerecord (8.0.0) lib/active_record/connection_adapters/abstract_adapter.rb:669:in `block in reconnect!'
activesupport (8.0.0) lib/active_support/concurrency/null_lock.rb:9:in `synchronize'
activerecord (8.0.0) lib/active_record/connection_adapters/abstract_adapter.rb:668:in `reconnect!'
activerecord (8.0.0) lib/active_record/connection_adapters/abstract_adapter.rb:770:in `block in verify!'
activesupport (8.0.0) lib/active_support/concurrency/null_lock.rb:9:in `synchronize'
activerecord (8.0.0) lib/active_record/connection_adapters/abstract_adapter.rb:761:in `verify!'
activerecord (8.0.0) lib/active_record/connection_adapters/abstract_adapter.rb:778:in `connect!'
activerecord (8.0.0) lib/active_record/connection_adapters/abstract_adapter.rb:984:in `block in with_raw_connection'
activesupport (8.0.0) lib/active_support/concurrency/null_lock.rb:9:in `synchronize'
activerecord (8.0.0) lib/active_record/connection_adapters/abstract_adapter.rb:983:in `with_raw_connection'
activerecord (8.0.0) lib/active_record/connection_adapters/abstract_mysql_adapter.rb:686:in `quote_string'
activerecord (8.0.0) lib/active_record/connection_adapters/abstract/quoting.rb:76:in `quote'
activerecord (8.0.0) lib/active_record/connection_adapters/mysql/schema_statements.rb:253:in `quoted_scope'
activerecord (8.0.0) lib/active_record/connection_adapters/mysql/schema_statements.rb:235:in `data_source_sql'
activerecord (8.0.0) lib/active_record/connection_adapters/abstract/schema_statements.rb:60:in `table_exists?'
activerecord (8.0.0) lib/active_record/schema_migration.rb:55:in `block in create_table'
activerecord (8.0.0) lib/active_record/connection_adapters/abstract/connection_pool.rb:412:in `with_connection'
activerecord (8.0.0) lib/active_record/schema_migration.rb:54:in `create_table'
activerecord (8.0.0) lib/active_record/migration.rb:1431:in `initialize'
activerecord (8.0.0) lib/active_record/migration.rb:1279:in `new'
activerecord (8.0.0) lib/active_record/migration.rb:1279:in `open'
activerecord (8.0.0) lib/active_record/migration.rb:763:in `block (2 levels) in pending_migrations'
activerecord (8.0.0) lib/active_record/migration/pending_migration_connection.rb:8:in `with_temporary_pool'
activerecord (8.0.0) lib/active_record/migration.rb:762:in `block in pending_migrations'
activerecord (8.0.0) lib/active_record/migration.rb:761:in `each'
activerecord (8.0.0) lib/active_record/migration.rb:761:in `pending_migrations'
activerecord (8.0.0) lib/active_record/migration.rb:740:in `check_pending_migrations'
activerecord (8.0.0) lib/active_record/migration.rb:660:in `block (2 levels) in call'
activesupport (8.0.0) lib/active_support/file_update_checker.rb:85:in `execute'
activerecord (8.0.0) lib/active_record/migration.rb:665:in `block in call'
activerecord (8.0.0) lib/active_record/migration.rb:657:in `synchronize'
activerecord (8.0.0) lib/active_record/migration.rb:657:in `call'
actionpack (8.0.0) lib/action_dispatch/middleware/callbacks.rb:31:in `block in call'
activesupport (8.0.0) lib/active_support/callbacks.rb:100:in `run_callbacks'
actionpack (8.0.0) lib/action_dispatch/middleware/callbacks.rb:30:in `call'
actionpack (8.0.0) lib/action_dispatch/middleware/executor.rb:16:in `call'
actionpack (8.0.0) lib/action_dispatch/middleware/actionable_exceptions.rb:18:in `call'
actionpack (8.0.0) lib/action_dispatch/middleware/debug_exceptions.rb:31:in `call'
web-console (4.2.1) lib/web_console/middleware.rb:132:in `call_app'
web-console (4.2.1) lib/web_console/middleware.rb:19:in `block in call'
web-console (4.2.1) lib/web_console/middleware.rb:17:in `catch'
web-console (4.2.1) lib/web_console/middleware.rb:17:in `call'
actionpack (8.0.0) lib/action_dispatch/middleware/show_exceptions.rb:32:in `call'
railties (8.0.0) lib/rails/rack/logger.rb:41:in `call_app'
railties (8.0.0) lib/rails/rack/logger.rb:29:in `call'
actionpack (8.0.0) lib/action_dispatch/middleware/remote_ip.rb:96:in `call'
actionpack (8.0.0) lib/action_dispatch/middleware/request_id.rb:34:in `call'
rack (3.1.8) lib/rack/method_override.rb:28:in `call'
rack (3.1.8) lib/rack/runtime.rb:24:in `call'
actionpack (8.0.0) lib/action_dispatch/middleware/server_timing.rb:61:in `block in call'
actionpack (8.0.0) lib/action_dispatch/middleware/server_timing.rb:26:in `collect_events'
actionpack (8.0.0) lib/action_dispatch/middleware/server_timing.rb:60:in `call'
actionpack (8.0.0) lib/action_dispatch/middleware/executor.rb:16:in `call'
actionpack (8.0.0) lib/action_dispatch/middleware/static.rb:27:in `call'
rack (3.1.8) lib/rack/sendfile.rb:114:in `call'
actionpack (8.0.0) lib/action_dispatch/middleware/host_authorization.rb:143:in `call'
railties (8.0.0) lib/rails/engine.rb:535:in `call'
puma (6.5.0) lib/puma/configuration.rb:279:in `call'
puma (6.5.0) lib/puma/request.rb:99:in `block in handle_request'
puma (6.5.0) lib/puma/thread_pool.rb:389:in `with_force_shutdown'
puma (6.5.0) lib/puma/request.rb:98:in `handle_request'
puma (6.5.0) lib/puma/server.rb:468:in `process_client'
puma (6.5.0) lib/puma/server.rb:249:in `block in run'
puma (6.5.0) lib/puma/thread_pool.rb:166:in `block in spawn_thread'

Information for cause: Mysql2::Error (Unknown database 'myapp_development'):
  
mysql2 (0.5.6) lib/mysql2/client.rb:97:in `connect'
mysql2 (0.5.6) lib/mysql2/client.rb:97:in `initialize'
activerecord (8.0.0) lib/active_record/connection_adapters/mysql2_adapter.rb:25:in `new'
activerecord (8.0.0) lib/active_record/connection_adapters/mysql2_adapter.rb:25:in `new_client'
activerecord (8.0.0) lib/active_record/connection_adapters/mysql2_adapter.rb:138:in `connect'
activerecord (8.0.0) lib/active_record/connection_adapters/mysql2_adapter.rb:147:in `block in reconnect'
activesupport (8.0.0) lib/active_support/concurrency/null_lock.rb:9:in `synchronize'
activerecord (8.0.0) lib/active_record/connection_adapters/mysql2_adapter.rb:144:in `reconnect'
activerecord (8.0.0) lib/active_record/connection_adapters/abstract_adapter.rb:669:in `block in reconnect!'
activesupport (8.0.0) lib/active_support/concurrency/null_lock.rb:9:in `synchronize'
activerecord (8.0.0) lib/active_record/connection_adapters/abstract_adapter.rb:668:in `reconnect!'
activerecord (8.0.0) lib/active_record/connection_adapters/abstract_adapter.rb:770:in `block in verify!'
activesupport (8.0.0) lib/active_support/concurrency/null_lock.rb:9:in `synchronize'
activerecord (8.0.0) lib/active_record/connection_adapters/abstract_adapter.rb:761:in `verify!'
activerecord (8.0.0) lib/active_record/connection_adapters/abstract_adapter.rb:778:in `connect!'
activerecord (8.0.0) lib/active_record/connection_adapters/abstract_adapter.rb:984:in `block in with_raw_connection'
activesupport (8.0.0) lib/active_support/concurrency/null_lock.rb:9:in `synchronize'
activerecord (8.0.0) lib/active_record/connection_adapters/abstract_adapter.rb:983:in `with_raw_connection'
activerecord (8.0.0) lib/active_record/connection_adapters/abstract_mysql_adapter.rb:686:in `quote_string'
activerecord (8.0.0) lib/active_record/connection_adapters/abstract/quoting.rb:76:in `quote'
activerecord (8.0.0) lib/active_record/connection_adapters/mysql/schema_statements.rb:253:in `quoted_scope'
activerecord (8.0.0) lib/active_record/connection_adapters/mysql/schema_statements.rb:235:in `data_source_sql'
activerecord (8.0.0) lib/active_record/connection_adapters/abstract/schema_statements.rb:60:in `table_exists?'
activerecord (8.0.0) lib/active_record/schema_migration.rb:55:in `block in create_table'
activerecord (8.0.0) lib/active_record/connection_adapters/abstract/connection_pool.rb:412:in `with_connection'
activerecord (8.0.0) lib/active_record/schema_migration.rb:54:in `create_table'
activerecord (8.0.0) lib/active_record/migration.rb:1431:in `initialize'
activerecord (8.0.0) lib/active_record/migration.rb:1279:in `new'
activerecord (8.0.0) lib/active_record/migration.rb:1279:in `open'
activerecord (8.0.0) lib/active_record/migration.rb:763:in `block (2 levels) in pending_migrations'
activerecord (8.0.0) lib/active_record/migration/pending_migration_connection.rb:8:in `with_temporary_pool'
activerecord (8.0.0) lib/active_record/migration.rb:762:in `block in pending_migrations'
activerecord (8.0.0) lib/active_record/migration.rb:761:in `each'
activerecord (8.0.0) lib/active_record/migration.rb:761:in `pending_migrations'
activerecord (8.0.0) lib/active_record/migration.rb:740:in `check_pending_migrations'
activerecord (8.0.0) lib/active_record/migration.rb:660:in `block (2 levels) in call'
activesupport (8.0.0) lib/active_support/file_update_checker.rb:85:in `execute'
activerecord (8.0.0) lib/active_record/migration.rb:665:in `block in call'
activerecord (8.0.0) lib/active_record/migration.rb:657:in `synchronize'
activerecord (8.0.0) lib/active_record/migration.rb:657:in `call'
actionpack (8.0.0) lib/action_dispatch/middleware/callbacks.rb:31:in `block in call'
activesupport (8.0.0) lib/active_support/callbacks.rb:100:in `run_callbacks'
actionpack (8.0.0) lib/action_dispatch/middleware/callbacks.rb:30:in `call'
actionpack (8.0.0) lib/action_dispatch/middleware/executor.rb:16:in `call'
actionpack (8.0.0) lib/action_dispatch/middleware/actionable_exceptions.rb:18:in `call'
actionpack (8.0.0) lib/action_dispatch/middleware/debug_exceptions.rb:31:in `call'
web-console (4.2.1) lib/web_console/middleware.rb:132:in `call_app'
web-console (4.2.1) lib/web_console/middleware.rb:19:in `block in call'
web-console (4.2.1) lib/web_console/middleware.rb:17:in `catch'
web-console (4.2.1) lib/web_console/middleware.rb:17:in `call'
actionpack (8.0.0) lib/action_dispatch/middleware/show_exceptions.rb:32:in `call'
railties (8.0.0) lib/rails/rack/logger.rb:41:in `call_app'
railties (8.0.0) lib/rails/rack/logger.rb:29:in `call'
actionpack (8.0.0) lib/action_dispatch/middleware/remote_ip.rb:96:in `call'
actionpack (8.0.0) lib/action_dispatch/middleware/request_id.rb:34:in `call'
rack (3.1.8) lib/rack/method_override.rb:28:in `call'
rack (3.1.8) lib/rack/runtime.rb:24:in `call'
actionpack (8.0.0) lib/action_dispatch/middleware/server_timing.rb:61:in `block in call'
actionpack (8.0.0) lib/action_dispatch/middleware/server_timing.rb:26:in `collect_events'
actionpack (8.0.0) lib/action_dispatch/middleware/server_timing.rb:60:in `call'
actionpack (8.0.0) lib/action_dispatch/middleware/executor.rb:16:in `call'
actionpack (8.0.0) lib/action_dispatch/middleware/static.rb:27:in `call'
rack (3.1.8) lib/rack/sendfile.rb:114:in `call'
actionpack (8.0.0) lib/action_dispatch/middleware/host_authorization.rb:143:in `call'
railties (8.0.0) lib/rails/engine.rb:535:in `call'
puma (6.5.0) lib/puma/configuration.rb:279:in `call'
puma (6.5.0) lib/puma/request.rb:99:in `block in handle_request'
puma (6.5.0) lib/puma/thread_pool.rb:389:in `with_force_shutdown'
puma (6.5.0) lib/puma/request.rb:98:in `handle_request'
puma (6.5.0) lib/puma/server.rb:468:in `process_client'
puma (6.5.0) lib/puma/server.rb:249:in `block in run'
puma (6.5.0) lib/puma/thread_pool.rb:166:in `block in spawn_thread'
  [1m[35m (4.6ms)[0m  [1m[35mCREATE DATABASE `myapp_development` DEFAULT CHARACTER SET `utf8mb4` /*application='Myapp'*/[0m
  [1m[35m (4.2ms)[0m  [1m[35mCREATE DATABASE `myapp_test` DEFAULT CHARACTER SET `utf8mb4` /*application='Myapp'*/[0m
Started GET "/" for 172.18.0.1 at 2024-12-05 16:43:50 +0000
Cannot render console from 172.18.0.1! Allowed networks: 127.0.0.0/127.255.255.255, ::1
  [1m[35m (3.9ms)[0m  [1m[35mCREATE TABLE `schema_migrations` (`version` varchar(255) NOT NULL PRIMARY KEY) /*application='Myapp'*/[0m
  [1m[35m (2.9ms)[0m  [1m[35mCREATE TABLE `ar_internal_metadata` (`key` varchar(255) NOT NULL PRIMARY KEY, `value` varchar(255), `created_at` datetime(6) NOT NULL, `updated_at` datetime(6) NOT NULL) /*application='Myapp'*/[0m
  [1m[36mActiveRecord::SchemaMigration Load (1.3ms)[0m  [1m[34mSELECT `schema_migrations`.`version` FROM `schema_migrations` ORDER BY `schema_migrations`.`version` ASC /*application='Myapp'*/[0m
Processing by Rails::WelcomeController#index as HTML
  Rendering /usr/local/bundle/gems/railties-8.0.0/lib/rails/templates/rails/welcome/index.html.erb
  Rendered /usr/local/bundle/gems/railties-8.0.0/lib/rails/templates/rails/welcome/index.html.erb (Duration: 0.7ms | GC: 0.0ms)
Completed 200 OK in 32ms (Views: 2.3ms | ActiveRecord: 0.0ms (0 queries, 0 cached) | GC: 0.0ms)


Started GET "/" for 172.18.0.1 at 2024-12-05 16:43:51 +0000
Cannot render console from 172.18.0.1! Allowed networks: 127.0.0.0/127.255.255.255, ::1
Processing by Rails::WelcomeController#index as HTML
  Rendering /usr/local/bundle/gems/railties-8.0.0/lib/rails/templates/rails/welcome/index.html.erb
  Rendered /usr/local/bundle/gems/railties-8.0.0/lib/rails/templates/rails/welcome/index.html.erb (Duration: 0.3ms | GC: 0.0ms)
Completed 200 OK in 27ms (Views: 0.9ms | ActiveRecord: 0.0ms (0 queries, 0 cached) | GC: 0.0ms)


Started GET "/" for 172.18.0.1 at 2024-12-05 16:43:52 +0000
Cannot render console from 172.18.0.1! Allowed networks: 127.0.0.0/127.255.255.255, ::1
Processing by Rails::WelcomeController#index as HTML
  Rendering /usr/local/bundle/gems/railties-8.0.0/lib/rails/templates/rails/welcome/index.html.erb
  Rendered /usr/local/bundle/gems/railties-8.0.0/lib/rails/templates/rails/welcome/index.html.erb (Duration: 0.2ms | GC: 0.0ms)
Completed 200 OK in 27ms (Views: 1.0ms | ActiveRecord: 0.0ms (0 queries, 0 cached) | GC: 0.0ms)


Started GET "/" for 172.18.0.1 at 2024-12-05 16:43:55 +0000
Cannot render console from 172.18.0.1! Allowed networks: 127.0.0.0/127.255.255.255, ::1
Processing by Rails::WelcomeController#index as HTML
  Rendering /usr/local/bundle/gems/railties-8.0.0/lib/rails/templates/rails/welcome/index.html.erb
  Rendered /usr/local/bundle/gems/railties-8.0.0/lib/rails/templates/rails/welcome/index.html.erb (Duration: 0.2ms | GC: 0.0ms)
Completed 200 OK in 24ms (Views: 0.8ms | ActiveRecord: 0.0ms (0 queries, 0 cached) | GC: 0.0ms)


